{"method":"GET","url":"/patients","user":{"id":{"_bsontype":"ObjectID","id":"TÂz&!ð\u001fÜk"},"lastname":"Doktorsson","firstname":"Doktor"},"level":"info","message":"","timestamp":"2015-03-30T12:46:45.958Z"}
{"method":"GET","url":"/patients","user":{"id":{"_bsontype":"ObjectID","id":"TÂz&!ð\u001fÜk"},"lastname":"Doktorsson","firstname":"Doktor"},"level":"info","message":"","timestamp":"2015-03-30T12:47:06.047Z"}
{"method":"GET","url":"/patients","user":{"id":{"_bsontype":"ObjectID","id":"TÂz&!ð\u001fÜk"},"lastname":"Doktorsson","firstname":"Doktor"},"level":"info","message":"","timestamp":"2015-03-30T12:47:08.232Z"}
{"method":"GET","url":"/patients","user":{"id":{"_bsontype":"ObjectID","id":"TÂz&!ð\u001fÜk"},"lastname":"Doktorsson","firstname":"Doktor"},"level":"info","message":"","timestamp":"2015-03-30T12:47:19.372Z"}
{"method":"GET","url":"/patients","user":{"id":{"_bsontype":"ObjectID","id":"TÂz&!ð\u001fÜk"},"lastname":"Doktorsson","firstname":"Doktor"},"level":"info","message":"","timestamp":"2015-03-30T12:47:23.259Z"}
{"method":"POST","url":"/patients/","user":{"id":{"_bsontype":"ObjectID","id":"TÂz&!ð\u001fÜk"},"lastname":"Doktorsson","firstname":"Doktor"},"level":"info","message":"","timestamp":"2015-03-30T12:48:11.704Z"}
{"method":"GET","url":"/patients","user":{"id":{"_bsontype":"ObjectID","id":"TÂz&!ð\u001fÜk"},"lastname":"Doktorsson","firstname":"Doktor"},"level":"info","message":"","timestamp":"2015-03-30T12:48:15.594Z"}
{"method":"POST","url":"/patients/5519460b7dec60381edc4798/formrecords?format=json","user":{"id":{"_bsontype":"ObjectID","id":"TÂz&!ð\u001fÜk"},"lastname":"Doktorsson","firstname":"Doktor"},"level":"info","message":"","timestamp":"2015-03-30T12:48:50.139Z"}
{"method":"GET","url":"/patients","user":{"id":{"_bsontype":"ObjectID","id":"TÂz&!ð\u001fÜk"},"lastname":"Doktorsson","firstname":"Doktor"},"level":"info","message":"","timestamp":"2015-03-30T12:48:54.589Z"}
{"method":"GET","url":"/patients/5519460b7dec60381edc4798","user":{"id":{"_bsontype":"ObjectID","id":"TÂz&!ð\u001fÜk"},"lastname":"Doktorsson","firstname":"Doktor"},"level":"info","message":"","timestamp":"2015-03-30T12:48:58.574Z"}
{"method":"GET","url":"/patients","user":{"id":{"_bsontype":"ObjectID","id":"TÂz&!ð\u001fÜk"},"lastname":"Doktorsson","firstname":"Doktor"},"level":"info","message":"","timestamp":"2015-03-30T12:49:01.925Z"}
{"method":"POST","url":"/patients/5519460b7dec60381edc4798/formrecords?format=json","user":{"id":{"_bsontype":"ObjectID","id":"U\u0019F\u000b}ì`8\u001eÜG"},"lastname":"Torkelsson","firstname":"Adam"},"level":"info","message":"","timestamp":"2015-03-30T12:49:30.221Z"}
{"method":"GET","url":"/patients","user":{"id":{"_bsontype":"ObjectID","id":"TÂz&!ð\u001fÜk"},"lastname":"Doktorsson","firstname":"Doktor"},"level":"info","message":"","timestamp":"2015-03-30T12:50:40.844Z"}
{"method":"GET","url":"/patients","user":{"id":{"_bsontype":"ObjectID","id":"TÂz&!ð\u001fÜk"},"lastname":"Doktorsson","firstname":"Doktor"},"level":"info","message":"","timestamp":"2015-03-30T12:50:43.917Z"}
{"method":"GET","url":"/patients/5519460b7dec60381edc4798","user":{"id":{"_bsontype":"ObjectID","id":"TÂz&!ð\u001fÜk"},"lastname":"Doktorsson","firstname":"Doktor"},"level":"info","message":"","timestamp":"2015-03-30T12:51:20.973Z"}
{"method":"GET","url":"/patients","user":{"id":{"_bsontype":"ObjectID","id":"TÂz&!ð\u001fÜk"},"lastname":"Doktorsson","firstname":"Doktor"},"level":"info","message":"","timestamp":"2015-03-30T12:52:11.717Z"}
{"method":"GET","url":"/patients","user":{"id":{"_bsontype":"ObjectID","id":"TÂz&!ð\u001fÜk"},"lastname":"Doktorsson","firstname":"Doktor"},"level":"info","message":"","timestamp":"2015-03-30T13:04:57.363Z"}
{"method":"GET","url":"/patients","user":{"id":{"_bsontype":"ObjectID","id":"TÂz&!ð\u001fÜk"},"lastname":"Doktorsson","firstname":"Doktor"},"level":"info","message":"","timestamp":"2015-03-30T13:05:50.719Z"}
{"method":"GET","url":"/patients","user":{"id":{"_bsontype":"ObjectID","id":"TÂz&!ð\u001fÜk"},"lastname":"Doktorsson","firstname":"Doktor"},"level":"info","message":"","timestamp":"2015-03-30T13:06:53.496Z"}
{"method":"GET","url":"/patients/5519460b7dec60381edc4798","user":{"id":{"_bsontype":"ObjectID","id":"TÂz&!ð\u001fÜk"},"lastname":"Doktorsson","firstname":"Doktor"},"level":"info","message":"","timestamp":"2015-03-30T13:06:59.175Z"}
{"method":"GET","url":"/patients","user":{"id":{"_bsontype":"ObjectID","id":"TÂz&!ð\u001fÜk"},"lastname":"Doktorsson","firstname":"Doktor"},"level":"info","message":"","timestamp":"2015-03-30T13:33:25.248Z"}
{"method":"GET","url":"/patients","user":{"id":{"_bsontype":"ObjectID","id":"TÂz&!ð\u001fÜk"},"lastname":"Doktorsson","firstname":"Doktor"},"level":"info","message":"","timestamp":"2015-03-30T13:33:33.557Z"}
{"method":"GET","url":"/patients","user":{"id":{"_bsontype":"ObjectID","id":"TÂz&!ð\u001fÜk"},"lastname":"Doktorsson","firstname":"Doktor"},"level":"info","message":"","timestamp":"2015-03-30T13:33:35.816Z"}
{"method":"POST","url":"/patients/:p_id/surgeries","user":{"id":{"_bsontype":"ObjectID","id":"TÂz&!ð\u001fÜk"},"lastname":"Doktorsson","firstname":"Doktor"},"level":"info","message":"","timestamp":"2015-03-30T13:36:03.885Z"}
{"method":"GET","url":"/patients","user":{"id":{"_bsontype":"ObjectID","id":"TÂz&!ð\u001fÜk"},"lastname":"Doktorsson","firstname":"Doktor"},"level":"info","message":"","timestamp":"2015-03-30T13:36:06.188Z"}
{"method":"GET","url":"/patients/5519460b7dec60381edc4798/formrecords/551946327dec60381edc4799","user":{"id":{"_bsontype":"ObjectID","id":"TÂz&!ð\u001fÜk"},"lastname":"Doktorsson","firstname":"Doktor"},"level":"info","message":"","timestamp":"2015-03-30T13:36:18.115Z"}
{"method":"GET","url":"/patients","user":{"id":{"_bsontype":"ObjectID","id":"TÂz&!ð\u001fÜk"},"lastname":"Doktorsson","firstname":"Doktor"},"level":"info","message":"","timestamp":"2015-03-30T13:36:21.294Z"}
{"method":"GET","url":"/patients/5519460b7dec60381edc4798","user":{"id":{"_bsontype":"ObjectID","id":"TÂz&!ð\u001fÜk"},"lastname":"Doktorsson","firstname":"Doktor"},"level":"info","message":"","timestamp":"2015-03-30T13:36:24.783Z"}
{"method":"GET","url":"/patients","user":{"id":{"_bsontype":"ObjectID","id":"TÂz&!ð\u001fÜk"},"lastname":"Doktorsson","firstname":"Doktor"},"level":"info","message":"","timestamp":"2015-03-30T13:36:26.818Z"}
{"method":"GET","url":"/patients/5519460b7dec60381edc4798","user":{"id":{"_bsontype":"ObjectID","id":"TÂz&!ð\u001fÜk"},"lastname":"Doktorsson","firstname":"Doktor"},"level":"info","message":"","timestamp":"2015-03-30T13:36:29.684Z"}
{"method":"GET","url":"/patients","user":{"id":{"_bsontype":"ObjectID","id":"TÂz&!ð\u001fÜk"},"lastname":"Doktorsson","firstname":"Doktor"},"level":"info","message":"","timestamp":"2015-03-30T13:36:31.789Z"}
{"method":"POST","url":"/patients/","user":{"id":{"_bsontype":"ObjectID","id":"TÂz&!ð\u001fÜk"},"lastname":"Doktorsson","firstname":"Doktor"},"level":"info","message":"","timestamp":"2015-03-30T13:37:02.646Z"}
{"method":"GET","url":"/patients","user":{"id":{"_bsontype":"ObjectID","id":"TÂz&!ð\u001fÜk"},"lastname":"Doktorsson","firstname":"Doktor"},"level":"info","message":"","timestamp":"2015-03-30T13:37:05.102Z"}
{"method":"POST","url":"/patients/5519517e702f057c090a3e12/formrecords?format=json","user":{"id":{"_bsontype":"ObjectID","id":"TÂz&!ð\u001fÜk"},"lastname":"Doktorsson","firstname":"Doktor"},"level":"info","message":"","timestamp":"2015-03-30T13:37:23.199Z"}
{"method":"GET","url":"/patients","user":{"id":{"_bsontype":"ObjectID","id":"TÂz&!ð\u001fÜk"},"lastname":"Doktorsson","firstname":"Doktor"},"level":"info","message":"","timestamp":"2015-03-30T13:37:24.867Z"}
{"method":"GET","url":"/patients/5519517e702f057c090a3e12/formrecords/55195193702f057c090a3e13","user":{"id":{"_bsontype":"ObjectID","id":"TÂz&!ð\u001fÜk"},"lastname":"Doktorsson","firstname":"Doktor"},"level":"info","message":"","timestamp":"2015-03-30T13:37:31.274Z"}
{"method":"GET","url":"/patients","user":{"id":{"_bsontype":"ObjectID","id":"TÂz&!ð\u001fÜk"},"lastname":"Doktorsson","firstname":"Doktor"},"level":"info","message":"","timestamp":"2015-03-30T13:37:31.803Z"}
{"method":"GET","url":"/patients/5519517e702f057c090a3e12","user":{"id":{"_bsontype":"ObjectID","id":"TÂz&!ð\u001fÜk"},"lastname":"Doktorsson","firstname":"Doktor"},"level":"info","message":"","timestamp":"2015-03-30T13:37:33.434Z"}
{"method":"GET","url":"/patients","user":{"id":{"_bsontype":"ObjectID","id":"TÂz&!ð\u001fÜk"},"lastname":"Doktorsson","firstname":"Doktor"},"level":"info","message":"","timestamp":"2015-03-30T13:37:34.018Z"}
{"method":"POST","url":"/patients/","user":{"id":{"_bsontype":"ObjectID","id":"TÂz&!ð\u001fÜk"},"lastname":"Doktorsson","firstname":"Doktor"},"level":"info","message":"","timestamp":"2015-03-30T13:43:36.489Z"}
{"method":"GET","url":"/patients","user":{"id":{"_bsontype":"ObjectID","id":"TÂz&!ð\u001fÜk"},"lastname":"Doktorsson","firstname":"Doktor"},"level":"info","message":"","timestamp":"2015-03-30T13:43:38.135Z"}
{"method":"POST","url":"/patients/55195308702f057c090a3e14/formrecords?format=json","user":{"id":{"_bsontype":"ObjectID","id":"TÂz&!ð\u001fÜk"},"lastname":"Doktorsson","firstname":"Doktor"},"level":"info","message":"","timestamp":"2015-03-30T13:44:38.671Z"}
{"method":"GET","url":"/patients","user":{"id":{"_bsontype":"ObjectID","id":"TÂz&!ð\u001fÜk"},"lastname":"Doktorsson","firstname":"Doktor"},"level":"info","message":"","timestamp":"2015-03-30T13:44:41.331Z"}
{"method":"GET","url":"/patients","user":{"id":{"_bsontype":"ObjectID","id":"TÂz&!ð\u001fÜk"},"lastname":"Doktorsson","firstname":"Doktor"},"level":"info","message":"","timestamp":"2015-03-30T13:55:19.449Z"}
{"method":"GET","url":"/patients","user":{"id":{"_bsontype":"ObjectID","id":"TÂz&!ð\u001fÜk"},"lastname":"Doktorsson","firstname":"Doktor"},"level":"info","message":"","timestamp":"2015-03-30T13:55:39.808Z"}
{"method":"GET","url":"/patients","user":{"id":{"_bsontype":"ObjectID","id":"TÂz&!ð\u001fÜk"},"lastname":"Doktorsson","firstname":"Doktor"},"level":"info","message":"","timestamp":"2015-03-30T13:56:07.833Z"}
{"method":"GET","url":"/patients","user":{"id":{"_bsontype":"ObjectID","id":"TÂz&!ð\u001fÜk"},"lastname":"Doktorsson","firstname":"Doktor"},"level":"info","message":"","timestamp":"2015-03-30T13:56:11.664Z"}
{"method":"GET","url":"/patients","user":{"id":{"_bsontype":"ObjectID","id":"TÂz&!ð\u001fÜk"},"lastname":"Doktorsson","firstname":"Doktor"},"level":"info","message":"","timestamp":"2015-03-30T13:58:10.199Z"}
{"method":"GET","url":"/patients","user":{"id":{"_bsontype":"ObjectID","id":"TÂz&!ð\u001fÜk"},"lastname":"Doktorsson","firstname":"Doktor"},"level":"info","message":"","timestamp":"2015-03-30T18:22:01.160Z"}
{"method":"GET","url":"/patients","user":{"id":{"_bsontype":"ObjectID","id":"TÂz&!ð\u001fÜk"},"lastname":"Doktorsson","firstname":"Doktor"},"level":"info","message":"","timestamp":"2015-03-30T18:51:49.161Z"}
{"method":"GET","url":"/patients","user":{"id":{"_bsontype":"ObjectID","id":"TÂz&!ð\u001fÜk"},"lastname":"Doktorsson","firstname":"Doktor"},"level":"info","message":"","timestamp":"2015-03-31T11:54:36.963Z"}
{"method":"GET","url":"/patients","user":{"id":{"_bsontype":"ObjectID","id":"TÂz&!ð\u001fÜk"},"lastname":"Doktorsson","firstname":"Doktor"},"level":"info","message":"","timestamp":"2015-03-31T11:54:45.741Z"}
{"method":"GET","url":"/patients","user":{"id":{"_bsontype":"ObjectID","id":"TÂz&!ð\u001fÜk"},"lastname":"Doktorsson","firstname":"Doktor"},"level":"info","message":"","timestamp":"2015-03-31T13:25:02.664Z"}
{"method":"GET","url":"/patients","user":{"id":{"_bsontype":"ObjectID","id":"TÂz&!ð\u001fÜk"},"lastname":"Doktorsson","firstname":"Doktor"},"level":"info","message":"","timestamp":"2015-03-31T13:25:05.634Z"}
{"method":"POST","url":"/patients/5519460b7dec60381edc4798/formrecords?format=json","user":{"id":{"_bsontype":"ObjectID","id":"TÂz&!ð\u001fÜk"},"lastname":"Doktorsson","firstname":"Doktor"},"level":"info","message":"","timestamp":"2015-03-31T13:40:02.378Z"}
{"method":"POST","url":"/patients/5519460b7dec60381edc4798/formrecords?format=json","user":{"id":{"_bsontype":"ObjectID","id":"TÂz&!ð\u001fÜk"},"lastname":"Doktorsson","firstname":"Doktor"},"level":"info","message":"","timestamp":"2015-03-31T13:40:08.918Z"}
{"method":"GET","url":"/patients","user":{"id":{"_bsontype":"ObjectID","id":"TÂz&!ð\u001fÜk"},"lastname":"Doktorsson","firstname":"Doktor"},"level":"info","message":"","timestamp":"2015-03-31T13:42:52.226Z"}
{"method":"POST","url":"/patients/5519517e702f057c090a3e12/formrecords?format=json","user":{"id":{"_bsontype":"ObjectID","id":"TÂz&!ð\u001fÜk"},"lastname":"Doktorsson","firstname":"Doktor"},"level":"info","message":"","timestamp":"2015-03-31T13:43:19.376Z"}
{"method":"POST","url":"/patients/5519517e702f057c090a3e12/formrecords?format=json","user":{"id":{"_bsontype":"ObjectID","id":"TÂz&!ð\u001fÜk"},"lastname":"Doktorsson","firstname":"Doktor"},"level":"info","message":"","timestamp":"2015-03-31T13:54:04.258Z"}
{"method":"GET","url":"/patients","user":{"id":{"_bsontype":"ObjectID","id":"TÂz&!ð\u001fÜk"},"lastname":"Doktorsson","firstname":"Doktor"},"level":"info","message":"","timestamp":"2015-03-31T13:59:12.966Z"}
{"method":"POST","url":"/patients/5519460b7dec60381edc4798/formrecords?format=json","user":{"id":{"_bsontype":"ObjectID","id":"TÂz&!ð\u001fÜk"},"lastname":"Doktorsson","firstname":"Doktor"},"level":"info","message":"","timestamp":"2015-03-31T13:59:26.801Z"}
{"method":"GET","url":"/patients","user":{"id":{"_bsontype":"ObjectID","id":"TÂz&!ð\u001fÜk"},"lastname":"Doktorsson","firstname":"Doktor"},"level":"info","message":"","timestamp":"2015-03-31T14:04:13.638Z"}
{"method":"POST","url":"/patients/5519460b7dec60381edc4798/formrecords?format=json","user":{"id":{"_bsontype":"ObjectID","id":"TÂz&!ð\u001fÜk"},"lastname":"Doktorsson","firstname":"Doktor"},"level":"info","message":"","timestamp":"2015-03-31T14:04:35.144Z"}
{"method":"GET","url":"/patients","user":{"id":{"_bsontype":"ObjectID","id":"TÂz&!ð\u001fÜk"},"lastname":"Doktorsson","firstname":"Doktor"},"level":"info","message":"","timestamp":"2015-03-31T14:12:39.172Z"}
{"method":"GET","url":"/patients","user":{"id":{"_bsontype":"ObjectID","id":"TÂz&!ð\u001fÜk"},"lastname":"Doktorsson","firstname":"Doktor"},"level":"info","message":"","timestamp":"2015-03-31T21:53:32.183Z"}
{"method":"GET","url":"/patients","user":{"id":{"_bsontype":"ObjectID","id":"U\u001b\u001a@d§}ô#&."},"lastname":"Doktorsson","firstname":"Doktor"},"level":"info","message":"","timestamp":"2015-03-31T22:06:49.383Z"}
{"method":"POST","url":"/patients/","user":{"id":{"_bsontype":"ObjectID","id":"U\u001b\u001a@d§}ô#&."},"lastname":"Doktorsson","firstname":"Doktor"},"level":"info","message":"","timestamp":"2015-03-31T22:07:12.361Z"}
{"method":"GET","url":"/patients","user":{"id":{"_bsontype":"ObjectID","id":"U\u001b\u001a@d§}ô#&."},"lastname":"Doktorsson","firstname":"Doktor"},"level":"info","message":"","timestamp":"2015-03-31T22:07:14.010Z"}
{"method":"POST","url":"/patients/551b1a906a27ba901503323b/formrecords?format=json","user":{"id":{"_bsontype":"ObjectID","id":"U\u001b\u001a@d§}ô#&."},"lastname":"Doktorsson","firstname":"Doktor"},"level":"info","message":"","timestamp":"2015-03-31T22:07:31.988Z"}
{"method":"GET","url":"/patients","user":{"id":{"_bsontype":"ObjectID","id":"U\u001b\u001a@d§}ô#&."},"lastname":"Doktorsson","firstname":"Doktor"},"level":"info","message":"","timestamp":"2015-03-31T22:07:36.726Z"}
{"method":"GET","url":"/patients/551b1a906a27ba901503323b","user":{"id":{"_bsontype":"ObjectID","id":"U\u001b\u001a@d§}ô#&."},"lastname":"Doktorsson","firstname":"Doktor"},"level":"info","message":"","timestamp":"2015-03-31T22:07:42.066Z"}
{"method":"GET","url":"/patients","user":{"id":{"_bsontype":"ObjectID","id":"U\u001b\u001a@d§}ô#&."},"lastname":"Doktorsson","firstname":"Doktor"},"level":"info","message":"","timestamp":"2015-03-31T22:13:02.985Z"}
{"method":"POST","url":"/patients/:p_id/surgeries","user":{"id":{"_bsontype":"ObjectID","id":"U\u001b\u001a@d§}ô#&."},"lastname":"Doktorsson","firstname":"Doktor"},"level":"info","message":"","timestamp":"2015-03-31T22:13:14.046Z"}
{"method":"GET","url":"/patients","user":{"id":{"_bsontype":"ObjectID","id":"U\u001b\u001a@d§}ô#&."},"lastname":"Doktorsson","firstname":"Doktor"},"level":"info","message":"","timestamp":"2015-03-31T22:13:15.786Z"}
{"method":"GET","url":"/patients/551b1a906a27ba901503323b","user":{"id":{"_bsontype":"ObjectID","id":"U\u001b\u001a@d§}ô#&."},"lastname":"Doktorsson","firstname":"Doktor"},"level":"info","message":"","timestamp":"2015-03-31T22:13:18.639Z"}
{"method":"GET","url":"/patients/551b1a906a27ba901503323b","user":{"id":{"_bsontype":"ObjectID","id":"U\u001b\u001a@d§}ô#&."},"lastname":"Doktorsson","firstname":"Doktor"},"level":"info","message":"","timestamp":"2015-03-31T22:18:27.266Z"}
{"method":"GET","url":"/patients","user":{"id":{"_bsontype":"ObjectID","id":"U\u001b\u001a@d§}ô#&."},"lastname":"Doktorsson","firstname":"Doktor"},"level":"info","message":"","timestamp":"2015-03-31T22:18:28.658Z"}
{"method":"GET","url":"/patients","user":{"id":{"_bsontype":"ObjectID","id":"U\u001b\u001a@d§}ô#&."},"lastname":"Doktorsson","firstname":"Doktor"},"level":"info","message":"","timestamp":"2015-03-31T22:25:16.224Z"}
{"method":"GET","url":"/patients/551b1a906a27ba901503323b","user":{"id":{"_bsontype":"ObjectID","id":"U\u001b\u001a@d§}ô#&."},"lastname":"Doktorsson","firstname":"Doktor"},"level":"info","message":"","timestamp":"2015-03-31T22:25:23.552Z"}
{"method":"GET","url":"/patients","user":{"id":{"_bsontype":"ObjectID","id":"U\u001b\u001a@d§}ô#&."},"lastname":"Doktorsson","firstname":"Doktor"},"level":"info","message":"","timestamp":"2015-03-31T22:45:46.543Z"}
{"method":"GET","url":"/patients","user":{"id":{"_bsontype":"ObjectID","id":"U\u001b\u001a@d§}ô#&."},"lastname":"Doktorsson","firstname":"Doktor"},"level":"info","message":"","timestamp":"2015-04-01T13:08:48.420Z"}
{"method":"GET","url":"/patients/551b1a906a27ba901503323b","user":{"id":{"_bsontype":"ObjectID","id":"U\u001b\u001a@d§}ô#&."},"lastname":"Doktorsson","firstname":"Doktor"},"level":"info","message":"","timestamp":"2015-04-01T13:08:52.547Z"}
{"method":"GET","url":"/patients","user":{"id":{"_bsontype":"ObjectID","id":"U\u001b\u001a@d§}ô#&."},"lastname":"Doktorsson","firstname":"Doktor"},"level":"info","message":"","timestamp":"2015-04-01T13:08:56.803Z"}
{"method":"GET","url":"/patients","user":{"id":{"_bsontype":"ObjectID","id":"U\u001b\u001a@d§}ô#&."},"lastname":"Doktorsson","firstname":"Doktor"},"level":"info","message":"","timestamp":"2015-04-01T13:09:01.030Z"}
{"method":"GET","url":"/patients","user":{"id":{"_bsontype":"ObjectID","id":"U\u001b\u001a@d§}ô#&."},"lastname":"Doktorsson","firstname":"Doktor"},"level":"info","message":"","timestamp":"2015-04-01T13:09:08.742Z"}
{"method":"GET","url":"/patients","user":{"id":{"_bsontype":"ObjectID","id":"U\u001b\u001a@d§}ô#&."},"lastname":"Doktorsson","firstname":"Doktor"},"level":"info","message":"","timestamp":"2015-04-01T13:10:44.004Z"}
{"method":"GET","url":"/patients/551b1a906a27ba901503323b","user":{"id":{"_bsontype":"ObjectID","id":"U\u001b\u001a@d§}ô#&."},"lastname":"Doktorsson","firstname":"Doktor"},"level":"info","message":"","timestamp":"2015-04-01T13:10:49.169Z"}
{"method":"PUT","url":"/patients/551b1a906a27ba901503323b","user":{"id":{"_bsontype":"ObjectID","id":"U\u001b\u001aj'º\u0015\u00032;"},"lastname":"Torkelsson","firstname":"Adam"},"level":"info","message":"","timestamp":"2015-04-01T13:11:20.669Z"}
{"method":"POST","url":"/patients/551b1a906a27ba901503323b/formrecords?format=json","user":{"id":{"_bsontype":"ObjectID","id":"U\u001b\u001aj'º\u0015\u00032;"},"lastname":"Torkelsson","firstname":"Adam"},"level":"info","message":"","timestamp":"2015-04-01T13:11:41.459Z"}
{"method":"GET","url":"/patients","user":{"id":{"_bsontype":"ObjectID","id":"U\u001b\u001a@d§}ô#&."},"lastname":"Doktorsson","firstname":"Doktor"},"level":"info","message":"","timestamp":"2015-04-01T13:13:17.209Z"}
{"method":"GET","url":"/patients/551b1a906a27ba901503323b","user":{"id":{"_bsontype":"ObjectID","id":"U\u001b\u001a@d§}ô#&."},"lastname":"Doktorsson","firstname":"Doktor"},"level":"info","message":"","timestamp":"2015-04-01T13:13:22.001Z"}
{"method":"GET","url":"/patients","user":{"id":{"_bsontype":"ObjectID","id":"U\u001b\u001a@d§}ô#&."},"lastname":"Doktorsson","firstname":"Doktor"},"level":"info","message":"","timestamp":"2015-04-01T13:14:07.055Z"}
{"method":"GET","url":"/patients","user":{"id":{"_bsontype":"ObjectID","id":"U\u001b\u001a@d§}ô#&."},"lastname":"Doktorsson","firstname":"Doktor"},"level":"info","message":"","timestamp":"2015-04-01T13:14:24.306Z"}
{"method":"GET","url":"/patients","user":{"id":{"_bsontype":"ObjectID","id":"U\u001b\u001a@d§}ô#&."},"lastname":"Doktorsson","firstname":"Doktor"},"level":"info","message":"","timestamp":"2015-04-01T13:16:27.410Z"}
{"method":"POST","url":"/patients/","user":{"id":{"_bsontype":"ObjectID","id":"U\u001b\u001a@d§}ô#&."},"lastname":"Doktorsson","firstname":"Doktor"},"level":"info","message":"","timestamp":"2015-04-01T13:16:52.248Z"}
{"method":"GET","url":"/patients","user":{"id":{"_bsontype":"ObjectID","id":"U\u001b\u001a@d§}ô#&."},"lastname":"Doktorsson","firstname":"Doktor"},"level":"info","message":"","timestamp":"2015-04-01T13:16:54.659Z"}
{"method":"POST","url":"/patients/551befc47849efe00ef12e96/formrecords?format=json","user":{"id":{"_bsontype":"ObjectID","id":"U\u001b\u001a@d§}ô#&."},"lastname":"Doktorsson","firstname":"Doktor"},"level":"info","message":"","timestamp":"2015-04-01T13:17:56.874Z"}
{"method":"GET","url":"/patients","user":{"id":{"_bsontype":"ObjectID","id":"U\u001b\u001a@d§}ô#&."},"lastname":"Doktorsson","firstname":"Doktor"},"level":"info","message":"","timestamp":"2015-04-01T13:17:58.718Z"}
{"method":"GET","url":"/patients/551befc47849efe00ef12e96","user":{"id":{"_bsontype":"ObjectID","id":"U\u001b\u001a@d§}ô#&."},"lastname":"Doktorsson","firstname":"Doktor"},"level":"info","message":"","timestamp":"2015-04-01T13:18:23.376Z"}
{"method":"GET","url":"/patients","user":{"id":{"_bsontype":"ObjectID","id":"U\u001b\u001a@d§}ô#&."},"lastname":"Doktorsson","firstname":"Doktor"},"level":"info","message":"","timestamp":"2015-04-01T13:18:26.506Z"}
{"method":"GET","url":"/patients/551befc47849efe00ef12e96","user":{"id":{"_bsontype":"ObjectID","id":"U\u001b\u001a@d§}ô#&."},"lastname":"Doktorsson","firstname":"Doktor"},"level":"info","message":"","timestamp":"2015-04-01T13:18:35.319Z"}
{"method":"GET","url":"/patients","user":{"id":{"_bsontype":"ObjectID","id":"U\u001b\u001a@d§}ô#&."},"lastname":"Doktorsson","firstname":"Doktor"},"level":"info","message":"","timestamp":"2015-04-01T13:18:36.555Z"}
{"method":"GET","url":"/patients/551befc47849efe00ef12e96","user":{"id":{"_bsontype":"ObjectID","id":"U\u001b\u001a@d§}ô#&."},"lastname":"Doktorsson","firstname":"Doktor"},"level":"info","message":"","timestamp":"2015-04-01T13:18:37.981Z"}
{"method":"GET","url":"/patients","user":{"id":{"_bsontype":"ObjectID","id":"U\u001b\u001a@d§}ô#&."},"lastname":"Doktorsson","firstname":"Doktor"},"level":"info","message":"","timestamp":"2015-04-01T13:18:39.744Z"}
{"method":"POST","url":"/patients/:p_id/surgeries","user":{"id":{"_bsontype":"ObjectID","id":"U\u001b\u001a@d§}ô#&."},"lastname":"Doktorsson","firstname":"Doktor"},"level":"info","message":"","timestamp":"2015-04-01T13:19:05.500Z"}
{"method":"GET","url":"/patients","user":{"id":{"_bsontype":"ObjectID","id":"U\u001b\u001a@d§}ô#&."},"lastname":"Doktorsson","firstname":"Doktor"},"level":"info","message":"","timestamp":"2015-04-01T13:19:07.053Z"}
{"method":"GET","url":"/patients/551befc47849efe00ef12e96","user":{"id":{"_bsontype":"ObjectID","id":"U\u001b\u001a@d§}ô#&."},"lastname":"Doktorsson","firstname":"Doktor"},"level":"info","message":"","timestamp":"2015-04-01T13:19:17.794Z"}
{"method":"GET","url":"/patients/551befc47849efe00ef12e96","user":{"id":{"_bsontype":"ObjectID","id":"U\u001b\u001a@d§}ô#&."},"lastname":"Doktorsson","firstname":"Doktor"},"level":"info","message":"","timestamp":"2015-04-01T13:33:51.432Z"}
{"method":"GET","url":"/patients","user":{"id":{"_bsontype":"ObjectID","id":"U\u001b\u001a@d§}ô#&."},"lastname":"Doktorsson","firstname":"Doktor"},"level":"info","message":"","timestamp":"2015-04-02T12:23:17.904Z"}
{"method":"GET","url":"/patients","user":{"id":{"_bsontype":"ObjectID","id":"U\u001b\u001a@d§}ô#&."},"lastname":"Doktorsson","firstname":"Doktor"},"level":"info","message":"","timestamp":"2015-04-02T12:23:23.751Z"}
{"method":"GET","url":"/patients","user":{"id":{"_bsontype":"ObjectID","id":"U\u001b\u001a@d§}ô#&."},"lastname":"Doktorsson","firstname":"Doktor"},"level":"info","message":"","timestamp":"2015-04-02T12:23:26.959Z"}
{"method":"GET","url":"/patients","user":{"id":{"_bsontype":"ObjectID","id":"U\u001b\u001a@d§}ô#&."},"lastname":"Doktorsson","firstname":"Doktor"},"level":"info","message":"","timestamp":"2015-04-02T12:23:28.204Z"}
{"method":"GET","url":"/patients","user":{"id":{"_bsontype":"ObjectID","id":"U\u001d9]ûÅ\f*á1"},"lastname":"Doktorsson","firstname":"Doktor"},"level":"info","message":"","timestamp":"2015-04-02T12:52:26.369Z"}
{"method":"POST","url":"/patients/","user":{"id":{"_bsontype":"ObjectID","id":"U\u001d9]ûÅ\f*á1"},"lastname":"Doktorsson","firstname":"Doktor"},"level":"info","message":"","timestamp":"2015-04-02T12:52:59.288Z"}
{"method":"GET","url":"/patients","user":{"id":{"_bsontype":"ObjectID","id":"U\u001d9]ûÅ\f*á1"},"lastname":"Doktorsson","firstname":"Doktor"},"level":"info","message":"","timestamp":"2015-04-02T12:54:52.115Z"}
{"method":"GET","url":"/patients","user":{"id":{"_bsontype":"ObjectID","id":"U\u001d9]ûÅ\f*á1"},"lastname":"Doktorsson","firstname":"Doktor"},"level":"info","message":"","timestamp":"2015-04-02T12:55:17.482Z"}
{"method":"GET","url":"/patients","user":{"id":{"_bsontype":"ObjectID","id":"U\u001d9]ûÅ\f*á1"},"lastname":"Doktorsson","firstname":"Doktor"},"level":"info","message":"","timestamp":"2015-04-02T12:58:04.189Z"}
